su: ignoring --preserve-environment, it's mutually exclusive with --login
Loading required package: shinydashboard

Attaching package: ‘shinydashboard’

The following object is masked from ‘package:graphics’:

    box

Loading required package: shinyjs

Attaching package: ‘shinyjs’

The following object is masked from ‘package:shiny’:

    runExample

The following objects are masked from ‘package:methods’:

    removeClass, show

Loading required package: shinymanager
Loading required package: shiny.router
Loading required package: leaflet
Loading required package: shinycssloaders
Loading required package: RJDBC
Loading required package: DBI
Loading required package: rJava
Loading required package: seas
Loading required package: MASS
Loading required package: ggplot2
Loading required package: plotly

Attaching package: ‘plotly’

The following object is masked from ‘package:ggplot2’:

    last_plot

The following object is masked from ‘package:MASS’:

    select

The following object is masked from ‘package:stats’:

    filter

The following object is masked from ‘package:graphics’:

    layout

Loading required package: reshape2
Loading required package: dplyr

Attaching package: ‘dplyr’

The following object is masked from ‘package:MASS’:

    select

The following objects are masked from ‘package:stats’:

    filter, lag

The following objects are masked from ‘package:base’:

    intersect, setdiff, setequal, union

Loading required package: lubridate

Attaching package: ‘lubridate’

The following objects are masked from ‘package:base’:

    date, intersect, setdiff, union

Loading required package: stringr
Loading required package: ggrepel
Loading required package: ggthemes
Loading required package: scatterD3
Loading required package: lme4
Loading required package: Matrix
Loading required package: shinyWidgets

Attaching package: ‘shinyWidgets’

The following object is masked from ‘package:shinyjs’:

    alert

Loading required package: forcats
Loading required package: emmeans
Loading required package: gge
Loading required package: GGEBiplots
Loading required package: ape
Loading required package: rmarkdown
Loading required package: knitr
Loading required package: tinytex
Loading required package: DT

Attaching package: ‘DT’

The following objects are masked from ‘package:shiny’:

    dataTableOutput, renderDataTable

Loading required package: shinythemes
Loading required package: shinyalert

Attaching package: ‘shinyalert’

The following object is masked from ‘package:shinyjs’:

    runExample

The following object is masked from ‘package:shiny’:

    runExample

Loading required package: tidyverse
── Attaching packages ─────────────────────────────────────── tidyverse 1.3.2 ──
✔ tibble 3.1.8     ✔ readr  2.1.3
✔ tidyr  1.2.1     ✔ purrr  0.3.5
── Conflicts ────────────────────────────────────────── tidyverse_conflicts() ──
✖ lubridate::as.difftime() masks base::as.difftime()
✖ lubridate::date()        masks base::date()
✖ tidyr::expand()          masks Matrix::expand()
✖ dplyr::filter()          masks plotly::filter(), stats::filter()
✖ lubridate::intersect()   masks base::intersect()
✖ dplyr::lag()             masks stats::lag()
✖ tidyr::pack()            masks Matrix::pack()
✖ dplyr::select()          masks plotly::select(), MASS::select()
✖ lubridate::setdiff()     masks base::setdiff()
✖ lme4::show()             masks Matrix::show(), lubridate::show(), rJava::show(), DBI::show(), shinyjs::show(), methods::show()
✖ lubridate::union()       masks base::union()
✖ tidyr::unpack()          masks Matrix::unpack()
Loading required package: RVAideMemoire
Warning in library(package, lib.loc = lib.loc, character.only = TRUE, logical.return = TRUE,  :
  there is no package called ‘RVAideMemoire’
Loading required package: caret
Loading required package: lattice

Attaching package: ‘caret’

The following object is masked from ‘package:purrr’:

    lift

Loading required package: lmerTest

Attaching package: ‘lmerTest’

The following object is masked from ‘package:lme4’:

    lmer

The following object is masked from ‘package:stats’:

    step

Loading required package: broom.mixed
Loading required package: plyr
------------------------------------------------------------------------------
You have loaded plyr after dplyr - this is likely to cause problems.
If you need functions from both plyr and dplyr, please load plyr first, then dplyr:
library(plyr); library(dplyr)
------------------------------------------------------------------------------

Attaching package: ‘plyr’

The following object is masked from ‘package:purrr’:

    compact

The following objects are masked from ‘package:dplyr’:

    arrange, count, desc, failwith, id, mutate, rename, summarise,
    summarize

The following objects are masked from ‘package:plotly’:

    arrange, mutate, rename, summarise

Loading required package: cluster
Loading required package: fdm2id
Loading required package: arules

Attaching package: ‘arules’

The following object is masked from ‘package:dplyr’:

    recode

The following object is masked from ‘package:shinyjs’:

    info

The following objects are masked from ‘package:base’:

    abbreviate, write

Loading required package: mclust
Package 'mclust' version 5.4.10
Type 'citation("mclust")' for citing this R package in publications.

Attaching package: ‘mclust’

The following object is masked from ‘package:purrr’:

    map

The following object is masked from ‘package:shiny’:

    em

Loading required package: nnet
Loading required package: pls

Attaching package: ‘pls’

The following object is masked from ‘package:caret’:

    R2

The following object is masked from ‘package:ape’:

    mvr

The following object is masked from ‘package:stats’:

    loadings


Attaching package: ‘fdm2id’

The following object is masked from ‘package:plyr’:

    ozone

Loading required package: cowplot

Attaching package: ‘cowplot’

The following object is masked from ‘package:ggthemes’:

    theme_map

The following object is masked from ‘package:lubridate’:

    stamp

Loading required package: shinybusy
Loading required package: flexclust
Loading required package: grid
Loading required package: modeltools
Loading required package: stats4

Attaching package: ‘modeltools’

The following object is masked from ‘package:arules’:

    info

The following object is masked from ‘package:plyr’:

    empty

The following object is masked from ‘package:lme4’:

    refit

The following object is masked from ‘package:rJava’:

    clone

The following object is masked from ‘package:shinyjs’:

    info

Warning: Navigation containers expect a collection of `bslib::nav()`/`shiny::tabPanel()`s and/or `bslib::nav_menu()`/`shiny::navbarMenu()`s. Consider using `header` or `footer` if you wish to place content above (or below) every panel's contents.
Warning: Navigation containers expect a collection of `bslib::nav()`/`shiny::tabPanel()`s and/or `bslib::nav_menu()`/`shiny::navbarMenu()`s. Consider using `header` or `footer` if you wish to place content above (or below) every panel's contents.
Warning: Navigation containers expect a collection of `bslib::nav()`/`shiny::tabPanel()`s and/or `bslib::nav_menu()`/`shiny::navbarMenu()`s. Consider using `header` or `footer` if you wish to place content above (or below) every panel's contents.

Listening on http://127.0.0.1:36121
`summarise()` has grouped output by 'genotipo', 'cidade', 'safra'. You can
override using the `.groups` argument.
`summarise()` has grouped output by 'genotipo', 'cidade', 'safra'. You can
override using the `.groups` argument.
Warning: Error in dplyr::summarize: Problem while computing `predito_fs = predict(fs_modelo, Media_Fs)`.
Caused by error in `flexclust::dist2()`:
! Cannot handle missing values!
  193: <Anonymous>
  192: signalCondition
  191: signal_abort
  190: abort
  189: h
  188: .handleSimpleError
  187: stop
  186: flexclust::dist2
  184: predict.kmeans
  183: predict
  182: predict
  181: mask$eval_all_summarise
  180: FUN
  179: lapply
  178: map
  176: summarise_cols
  175: summarise.grouped_df
  174: dplyr::summarize
  173: is.data.frame
  171: mutate
  170: %>%
  169: gerador_graficos
  168: renderPlot
  166: func
  126: drawPlot
  112: <reactive:plotObj>
   96: drawReactive
   83: renderFunc
   82: output$graficoDoencasPlot2
    1: runApp
Warning in read.table(input$arquivo$datapath, header = input$cabecalho,  :
  incomplete final line found by readTableHeader on '/tmp/RtmpPPDVky/7dc609bd88da304529525c5f/0.csv'
Warning in read.table(input$arquivo$datapath, header = input$cabecalho,  :
  incomplete final line found by readTableHeader on '/tmp/RtmpPPDVky/7dc609bd88da304529525c5f/0.csv'
Warning: Do not rely on the default value of the row.names argument for sqlAppendTable(), it will change in the future.
Terminated

